ganache v7.9.2 (@ganache/cli: 0.10.2, @ganache/core: 0.10.2)
Starting RPC server

Available Accounts
==================
(0) 0xE29EF63e77287e82302b66879bc0060310cF01d2 (1000000 ETH)
(1) 0x24250A52065FB0D5b20C3695055d3BB72c9da116 (1000000 ETH)
(2) 0x86803B6E53893a6845962d0cb8b763AF8089c729 (1000000 ETH)
(3) 0x31ee699A86ceC4D5643E8bC314C5EAeaF3d6673f (1000000 ETH)
(4) 0x1E01Ed2873421b9C18013E7FC7eD0759C3f881a5 (1000000 ETH)
(5) 0x7e01F0b5a556Fc3bf95e36bdb1eA231db2eb58C5 (1000000 ETH)
(6) 0xB3005FCb15df844213D5178e889098364c3E25c8 (1000000 ETH)
(7) 0xAe29C4410c6240602CB28e7C806D3b4Cf4E64655 (1000000 ETH)
(8) 0x1eAb418A95639d4B82E2030da2FCab7A37f8307D (1000000 ETH)
(9) 0x5b6c32fFf2c2451c024481cd7D070834bfD560f9 (1000000 ETH)

Private Keys
==================
(0) 0x608a90ee33865f2db53b9f44c7b2178534e4b9b74ae29dc2c7e718a763e3c3f3
(1) 0x11aa46aa9ee0cc0049d7edcddcbb688c6aa03fb156053f434b16b9dce8594c36
(2) 0xb5cf7e0da2cb9a8ec43529d7c249889db82d062aa3a6e2814f91c020fb6d8083
(3) 0x99ff9803087238f5306b77f7be6fab34f2b7ad710d271680f9d96735ec2e024f
(4) 0xc9184cdcea9e37135803d05621940b66d6c7926a0c5ff1cc5a4545ed7f0b8864
(5) 0x698057d8579b082b8c1850f0c17c1390def9eb3510b6e8d157f883682b54ec30
(6) 0xbdacf037425153e7f1a8a4733620a49ed9259e644a257730a400e50ca7a45980
(7) 0x7170ad902518cd4dca7d7f3008f612ce6b1611d7842caeaeeff6818b177f2c55
(8) 0x944a565b2c4686804b0f54acb6d33114bd117df697cbd6ca91c4770bf271fdbd
(9) 0xb1316288cd970dc23d02698dd97336ba25d7f93a0e86d22cb458f3a00c90ab71

Accounts and keys saved to /home/vagrant/base/bothnode/private/ganache_pk.json

HD Wallet
==================
Mnemonic:      spend zebra fiction flavor eyebrow situate search excess adult fence catch toilet
Base HD Path:  m/44'/60'/0'/0/{account_index}

Default Gas Price
==================
2000000000

BlockGas Limit
==================
1000000000000

Call Gas Limit
==================
50000000

Chain
==================
Hardfork: shanghai
Id:       1337

RPC Listening on 127.0.0.1:8545
